#
# There is insufficient memory for the Java Runtime Environment to continue.
# Native memory allocation (malloc) failed to allocate 2080176 bytes for Chunk::new
# Possible reasons:
#   The system is out of physical RAM or swap space
#   In 32 bit mode, the process size limit was hit
# Possible solutions:
#   Reduce memory load on the system
#   Increase physical memory or swap space
#   Check if swap backing store is full
#   Use 64 bit Java on a 64 bit OS
#   Decrease Java heap size (-Xmx/-Xms)
#   Decrease number of Java threads
#   Decrease Java thread stack sizes (-Xss)
#   Set larger code cache with -XX:ReservedCodeCacheSize=
# This output file may be truncated or incomplete.
#
#  Out of Memory Error (allocation.cpp:390), pid=19580, tid=0x00000000000045d4
#
# JRE version: Java(TM) SE Runtime Environment (8.0_171-b11) (build 1.8.0_171-b11)
# Java VM: Java HotSpot(TM) 64-Bit Server VM (25.171-b11 mixed mode windows-amd64 compressed oops)
# Failed to write core dump. Minidumps are not enabled by default on client versions of Windows
#

---------------  T H R E A D  ---------------

Current thread (0x00000000150e5000):  JavaThread "C2 CompilerThread0" daemon [_thread_in_native, id=17876, stack(0x0000000016120000,0x0000000016220000)]

Stack: [0x0000000016120000,0x0000000016220000]
[error occurred during error reporting (printing stack bounds), id 0xc0000005]

Native frames: (J=compiled Java code, j=interpreted, Vv=VM code, C=native code)


Current CompileTask:
C2:   3522 2183       4       java.net.URLClassLoader$1::run (5 bytes)


---------------  P R O C E S S  ---------------

Java Threads: ( => current thread )
  0x0000000015157000 JavaThread "Service Thread" daemon [_thread_blocked, id=16376, stack(0x0000000016320000,0x0000000016420000)]
  0x00000000150ed800 JavaThread "C1 CompilerThread1" daemon [_thread_blocked, id=20304, stack(0x0000000016220000,0x0000000016320000)]
=>0x00000000150e5000 JavaThread "C2 CompilerThread0" daemon [_thread_in_native, id=17876, stack(0x0000000016120000,0x0000000016220000)]
  0x00000000150e1800 JavaThread "Attach Listener" daemon [_thread_blocked, id=6024, stack(0x0000000016020000,0x0000000016120000)]
  0x00000000150de800 JavaThread "Signal Dispatcher" daemon [_thread_blocked, id=20288, stack(0x0000000015f20000,0x0000000016020000)]
  0x00000000150ce000 JavaThread "Finalizer" daemon [_thread_blocked, id=13904, stack(0x0000000015d30000,0x0000000015e30000)]
  0x0000000002c17800 JavaThread "Reference Handler" daemon [_thread_blocked, id=19708, stack(0x0000000015c30000,0x0000000015d30000)]
  0x0000000002b25000 JavaThread "main" [_thread_in_vm, id=20360, stack(0x0000000002a00000,0x0000000002b00000)]

Other Threads:
  0x00000000150a7800 VMThread [stack: 0x0000000015b30000,0x0000000015c30000] [id=19144]
  0x0000000015159000 WatcherThread [stack: 0x0000000016420000,0x0000000016520000] [id=19516]

VM state:not at safepoint (normal execution)

VM Mutex/Monitor currently owned by a thread: None

Heap:
 PSYoungGen      total 73216K, used 15812K [0x00000000eab00000, 0x00000000f2400000, 0x0000000100000000)
  eden space 65536K, 15% used [0x00000000eab00000,0x00000000eb52d238,0x00000000eeb00000)
  from space 7680K, 70% used [0x00000000eeb00000,0x00000000ef043e80,0x00000000ef280000)
  to   space 7680K, 0% used [0x00000000f1c80000,0x00000000f1c80000,0x00000000f2400000)
 ParOldGen       total 31232K, used 4968K [0x00000000c0000000, 0x00000000c1e80000, 0x00000000eab00000)
  object space 31232K, 15% used [0x00000000c0000000,0x00000000c04da2f0,0x00000000c1e80000)
 Metaspace       used 25304K, capacity 26116K, committed 26368K, reserved 1073152K
  class space    used 3301K, capacity 3506K, committed 3584K, reserved 1048576K

Card table byte_map: [0x0000000011ff0000,0x0000000012200000] byte_map_base: 0x00000000119f0000

Marking Bits: (ParMarkBitMap*) 0x00000000614808c0
 Begin Bits: [0x0000000012560000, 0x0000000013560000)
 End Bits:   [0x0000000013560000, 0x0000000014560000)

Polling page: 0x0000000002b00000

CodeCache: size=245760Kb used=8447Kb max_used=8447Kb free=237313Kb
 bounds [0x0000000002c30000, 0x0000000003480000, 0x0000000011c30000]
 total_blobs=2751 nmethods=2363 adapters=300
 compilation: enabled

Compilation events (10 events):
Event: 3.497 Thread 0x00000000150ed800 2364       3       java.util.IdentityHashMap::get (60 bytes)
Event: 3.498 Thread 0x00000000150ed800 nmethod 2364 0x0000000003470150 code [0x0000000003470300, 0x00000000034707a8]
Event: 3.498 Thread 0x00000000150ed800 2365       3       org.springframework.core.ResolvableType$1::isAssignableFrom (24 bytes)
Event: 3.498 Thread 0x00000000150ed800 nmethod 2365 0x00000000034709d0 code [0x0000000003470b40, 0x0000000003470d68]
Event: 3.499 Thread 0x00000000150ed800 2366       1       org.springframework.beans.BeanMetadataAttribute::getValue (5 bytes)
Event: 3.499 Thread 0x00000000150ed800 nmethod 2366 0x0000000003470e10 code [0x0000000003470f60, 0x0000000003471070]
Event: 3.499 Thread 0x00000000150ed800 2367       3       org.springframework.beans.BeanMetadataAttributeAccessor::getAttribute (22 bytes)
Event: 3.500 Thread 0x00000000150ed800 nmethod 2367 0x00000000034710d0 code [0x0000000003471280, 0x00000000034717d8]
Event: 3.505 Thread 0x00000000150ed800 2368   !   3       java.util.concurrent.CopyOnWriteArrayList::add (59 bytes)
Event: 3.505 Thread 0x00000000150ed800 nmethod 2368 0x0000000003471a10 code [0x0000000003471be0, 0x00000000034726b8]

GC Heap History (10 events):
Event: 1.925 GC heap before
{Heap before GC invocations=4 (full 0):
 PSYoungGen      total 18944K, used 18928K [0x00000000eab00000, 0x00000000ed000000, 0x0000000100000000)
  eden space 16384K, 100% used [0x00000000eab00000,0x00000000ebb00000,0x00000000ebb00000)
  from space 2560K, 99% used [0x00000000ebb00000,0x00000000ebd7c010,0x00000000ebd80000)
  to   space 2560K, 0% used [0x00000000ecd80000,0x00000000ecd80000,0x00000000ed000000)
 ParOldGen       total 44032K, used 4218K [0x00000000c0000000, 0x00000000c2b00000, 0x00000000eab00000)
  object space 44032K, 9% used [0x00000000c0000000,0x00000000c041e860,0x00000000c2b00000)
 Metaspace       used 15020K, capacity 15468K, committed 15744K, reserved 1062912K
  class space    used 1997K, capacity 2122K, committed 2176K, reserved 1048576K
Event: 1.933 GC heap after
Heap after GC invocations=4 (full 0):
 PSYoungGen      total 35328K, used 2528K [0x00000000eab00000, 0x00000000ed000000, 0x0000000100000000)
  eden space 32768K, 0% used [0x00000000eab00000,0x00000000eab00000,0x00000000ecb00000)
  from space 2560K, 98% used [0x00000000ecd80000,0x00000000ecff8020,0x00000000ed000000)
  to   space 2560K, 0% used [0x00000000ecb00000,0x00000000ecb00000,0x00000000ecd80000)
 ParOldGen       total 44032K, used 6477K [0x00000000c0000000, 0x00000000c2b00000, 0x00000000eab00000)
  object space 44032K, 14% used [0x00000000c0000000,0x00000000c06536a8,0x00000000c2b00000)
 Metaspace       used 15020K, capacity 15468K, committed 15744K, reserved 1062912K
  class space    used 1997K, capacity 2122K, committed 2176K, reserved 1048576K
}
Event: 2.326 GC heap before
{Heap before GC invocations=5 (full 0):
 PSYoungGen      total 35328K, used 35296K [0x00000000eab00000, 0x00000000ed000000, 0x0000000100000000)
  eden space 32768K, 100% used [0x00000000eab00000,0x00000000ecb00000,0x00000000ecb00000)
  from space 2560K, 98% used [0x00000000ecd80000,0x00000000ecff8020,0x00000000ed000000)
  to   space 2560K, 0% used [0x00000000ecb00000,0x00000000ecb00000,0x00000000ecd80000)
 ParOldGen       total 44032K, used 6477K [0x00000000c0000000, 0x00000000c2b00000, 0x00000000eab00000)
  object space 44032K, 14% used [0x00000000c0000000,0x00000000c06536a8,0x00000000c2b00000)
 Metaspace       used 20152K, capacity 20696K, committed 20992K, reserved 1067008K
  class space    used 2625K, capacity 2770K, committed 2816K, reserved 1048576K
Event: 2.339 GC heap after
Heap after GC invocations=5 (full 0):
 PSYoungGen      total 35328K, used 2560K [0x00000000eab00000, 0x00000000efa00000, 0x0000000100000000)
  eden space 32768K, 0% used [0x00000000eab00000,0x00000000eab00000,0x00000000ecb00000)
  from space 2560K, 100% used [0x00000000ecb00000,0x00000000ecd80000,0x00000000ecd80000)
  to   space 7680K, 0% used [0x00000000ef280000,0x00000000ef280000,0x00000000efa00000)
 ParOldGen       total 44032K, used 11791K [0x00000000c0000000, 0x00000000c2b00000, 0x00000000eab00000)
  object space 44032K, 26% used [0x00000000c0000000,0x00000000c0b83e58,0x00000000c2b00000)
 Metaspace       used 20152K, capacity 20696K, committed 20992K, reserved 1067008K
  class space    used 2625K, capacity 2770K, committed 2816K, reserved 1048576K
}
Event: 2.453 GC heap before
{Heap before GC invocations=6 (full 0):
 PSYoungGen      total 35328K, used 8122K [0x00000000eab00000, 0x00000000efa00000, 0x0000000100000000)
  eden space 32768K, 16% used [0x00000000eab00000,0x00000000eb06e930,0x00000000ecb00000)
  from space 2560K, 100% used [0x00000000ecb00000,0x00000000ecd80000,0x00000000ecd80000)
  to   space 7680K, 0% used [0x00000000ef280000,0x00000000ef280000,0x00000000efa00000)
 ParOldGen       total 44032K, used 11791K [0x00000000c0000000, 0x00000000c2b00000, 0x00000000eab00000)
  object space 44032K, 26% used [0x00000000c0000000,0x00000000c0b83e58,0x00000000c2b00000)
 Metaspace       used 20694K, capacity 21202K, committed 21296K, reserved 1067008K
  class space    used 2693K, capacity 2851K, committed 2944K, reserved 1048576K
Event: 2.464 GC heap after
Heap after GC invocations=6 (full 0):
 PSYoungGen      total 73216K, used 3255K [0x00000000eab00000, 0x00000000efa00000, 0x0000000100000000)
  eden space 65536K, 0% used [0x00000000eab00000,0x00000000eab00000,0x00000000eeb00000)
  from space 7680K, 42% used [0x00000000ef280000,0x00000000ef5adf58,0x00000000efa00000)
  to   space 7680K, 0% used [0x00000000eeb00000,0x00000000eeb00000,0x00000000ef280000)
 ParOldGen       total 44032K, used 11791K [0x00000000c0000000, 0x00000000c2b00000, 0x00000000eab00000)
  object space 44032K, 26% used [0x00000000c0000000,0x00000000c0b83e58,0x00000000c2b00000)
 Metaspace       used 20694K, capacity 21202K, committed 21296K, reserved 1067008K
  class space    used 2693K, capacity 2851K, committed 2944K, reserved 1048576K
}
Event: 2.464 GC heap before
{Heap before GC invocations=7 (full 1):
 PSYoungGen      total 73216K, used 3255K [0x00000000eab00000, 0x00000000efa00000, 0x0000000100000000)
  eden space 65536K, 0% used [0x00000000eab00000,0x00000000eab00000,0x00000000eeb00000)
  from space 7680K, 42% used [0x00000000ef280000,0x00000000ef5adf58,0x00000000efa00000)
  to   space 7680K, 0% used [0x00000000eeb00000,0x00000000eeb00000,0x00000000ef280000)
 ParOldGen       total 44032K, used 11791K [0x00000000c0000000, 0x00000000c2b00000, 0x00000000eab00000)
  object space 44032K, 26% used [0x00000000c0000000,0x00000000c0b83e58,0x00000000c2b00000)
 Metaspace       used 20694K, capacity 21202K, committed 21296K, reserved 1067008K
  class space    used 2693K, capacity 2851K, committed 2944K, reserved 1048576K
Event: 2.507 GC heap after
Heap after GC invocations=7 (full 1):
 PSYoungGen      total 73216K, used 0K [0x00000000eab00000, 0x00000000efa00000, 0x0000000100000000)
  eden space 65536K, 0% used [0x00000000eab00000,0x00000000eab00000,0x00000000eeb00000)
  from space 7680K, 0% used [0x00000000ef280000,0x00000000ef280000,0x00000000efa00000)
  to   space 7680K, 0% used [0x00000000eeb00000,0x00000000eeb00000,0x00000000ef280000)
 ParOldGen       total 31232K, used 4960K [0x00000000c0000000, 0x00000000c1e80000, 0x00000000eab00000)
  object space 31232K, 15% used [0x00000000c0000000,0x00000000c04d82f0,0x00000000c1e80000)
 Metaspace       used 20694K, capacity 21202K, committed 21296K, reserved 1067008K
  class space    used 2693K, capacity 2851K, committed 2944K, reserved 1048576K
}
Event: 3.324 GC heap before
{Heap before GC invocations=8 (full 1):
 PSYoungGen      total 73216K, used 65536K [0x00000000eab00000, 0x00000000efa00000, 0x0000000100000000)
  eden space 65536K, 100% used [0x00000000eab00000,0x00000000eeb00000,0x00000000eeb00000)
  from space 7680K, 0% used [0x00000000ef280000,0x00000000ef280000,0x00000000efa00000)
  to   space 7680K, 0% used [0x00000000eeb00000,0x00000000eeb00000,0x00000000ef280000)
 ParOldGen       total 31232K, used 4960K [0x00000000c0000000, 0x00000000c1e80000, 0x00000000eab00000)
  object space 31232K, 15% used [0x00000000c0000000,0x00000000c04d82f0,0x00000000c1e80000)
 Metaspace       used 24406K, capacity 25138K, committed 25472K, reserved 1071104K
  class space    used 3172K, capacity 3367K, committed 3456K, reserved 1048576K
Event: 3.337 GC heap after
Heap after GC invocations=8 (full 1):
 PSYoungGen      total 73216K, used 5391K [0x00000000eab00000, 0x00000000f2400000, 0x0000000100000000)
  eden space 65536K, 0% used [0x00000000eab00000,0x00000000eab00000,0x00000000eeb00000)
  from space 7680K, 70% used [0x00000000eeb00000,0x00000000ef043e80,0x00000000ef280000)
  to   space 7680K, 0% used [0x00000000f1c80000,0x00000000f1c80000,0x00000000f2400000)
 ParOldGen       total 31232K, used 4968K [0x00000000c0000000, 0x00000000c1e80000, 0x00000000eab00000)
  object space 31232K, 15% used [0x00000000c0000000,0x00000000c04da2f0,0x00000000c1e80000)
 Metaspace       used 24406K, capacity 25138K, committed 25472K, reserved 1071104K
  class space    used 3172K, capacity 3367K, committed 3456K, reserved 1048576K
}

Deoptimization events (10 events):
Event: 2.407 Thread 0x0000000016e1d000 Uncommon trap: reason=unstable_if action=reinterpret pc=0x00000000030bd1c8 method=java.util.Properties$LineReader.readLine()I @ 252
Event: 2.552 Thread 0x0000000002b25000 Uncommon trap: reason=bimorphic action=maybe_recompile pc=0x0000000003162a38 method=java.util.HashMap.putVal(ILjava/lang/Object;Ljava/lang/Object;ZZ)Ljava/lang/Object; @ 253
Event: 2.552 Thread 0x0000000002b25000 Uncommon trap: reason=bimorphic action=maybe_recompile pc=0x0000000003162a38 method=java.util.HashMap.putVal(ILjava/lang/Object;Ljava/lang/Object;ZZ)Ljava/lang/Object; @ 253
Event: 2.552 Thread 0x0000000002b25000 Uncommon trap: reason=bimorphic action=maybe_recompile pc=0x0000000003162a38 method=java.util.HashMap.putVal(ILjava/lang/Object;Ljava/lang/Object;ZZ)Ljava/lang/Object; @ 253
Event: 2.553 Thread 0x0000000002b25000 Uncommon trap: reason=bimorphic action=maybe_recompile pc=0x0000000003162a38 method=java.util.HashMap.putVal(ILjava/lang/Object;Ljava/lang/Object;ZZ)Ljava/lang/Object; @ 253
Event: 2.785 Thread 0x0000000016e1d000 Uncommon trap: reason=unstable_if action=reinterpret pc=0x0000000003291624 method=com.sun.org.apache.xerces.internal.impl.XMLEntityScanner.scanLiteral(ILcom/sun/org/apache/xerces/internal/xni/XMLString;Z)I @ 570
Event: 2.894 Thread 0x0000000016e1d000 Uncommon trap: reason=unstable_if action=reinterpret pc=0x00000000032aa41c method=com.sun.org.apache.xerces.internal.impl.XMLEntityScanner.skipSpaces()Z @ 125
Event: 2.906 Thread 0x0000000016e1d000 Uncommon trap: reason=unstable_if action=reinterpret pc=0x00000000032fb8c0 method=org.apache.tomcat.util.IntrospectionUtils.setProperty(Ljava/lang/Object;Ljava/lang/String;Ljava/lang/String;Z)Z @ 196
Event: 2.919 Thread 0x0000000016e1d000 Uncommon trap: reason=unstable_if action=reinterpret pc=0x0000000003315148 method=com.sun.org.apache.xerces.internal.util.SymbolTable.addSymbol([CII)Ljava/lang/String; @ 38
Event: 2.919 Thread 0x0000000016e1d000 Uncommon trap: reason=unstable_if action=reinterpret pc=0x00000000032f1ad0 method=com.sun.org.apache.xerces.internal.impl.XMLEntityScanner.scanLiteral(ILcom/sun/org/apache/xerces/internal/xni/XMLString;Z)I @ 44

Classes redefined (0 events):
No events

Internal exceptions (10 events):
Event: 1.784 Thread 0x0000000002b25000 Exception <a 'java/lang/NoSuchMethodError': org.slf4j.impl.StaticMDCBinder.getSingleton()Lorg/slf4j/impl/StaticMDCBinder;> (0x00000000eb5183b0) thrown at [C:\re\workspace\8-2-build-windows-amd64-cygwin\jdk8u171\10807\hotspot\src\share\vm\interpreter\linkR
Event: 1.809 Thread 0x0000000002b25000 Implicit null exception at 0x0000000002ed1315 to 0x0000000002ed14e5
Event: 2.000 Thread 0x0000000002b25000 Exception <a 'java/lang/ClassNotFoundException': java/lang/ObjectCustomizer> (0x00000000eb12d750) thrown at [C:\re\workspace\8-2-build-windows-amd64-cygwin\jdk8u171\10807\hotspot\src\share\vm\classfile\systemDictionary.cpp, line 210]
Event: 2.008 Thread 0x0000000002b25000 Exception <a 'java/lang/ClassNotFoundException': org/springframework/context/annotation/ConfigurationClassPostProcessorCustomizer> (0x00000000eb146ba8) thrown at [C:\re\workspace\8-2-build-windows-amd64-cygwin\jdk8u171\10807\hotspot\src\share\vm\classfile
Event: 2.013 Thread 0x0000000002b25000 Exception <a 'java/lang/ClassNotFoundException': org/springframework/beans/factory/support/BeanDefinitionRegistryPostProcessorCustomizer> (0x00000000eb242368) thrown at [C:\re\workspace\8-2-build-windows-amd64-cygwin\jdk8u171\10807\hotspot\src\share\vm\cl
Event: 2.013 Thread 0x0000000002b25000 Exception <a 'java/lang/ClassNotFoundException': org/springframework/core/PriorityOrderedCustomizer> (0x00000000eb2518c8) thrown at [C:\re\workspace\8-2-build-windows-amd64-cygwin\jdk8u171\10807\hotspot\src\share\vm\classfile\systemDictionary.cpp, line 21
Event: 2.014 Thread 0x0000000002b25000 Exception <a 'java/lang/ClassNotFoundException': org/springframework/context/ResourceLoaderAwareCustomizer> (0x00000000eb261478) thrown at [C:\re\workspace\8-2-build-windows-amd64-cygwin\jdk8u171\10807\hotspot\src\share\vm\classfile\systemDictionary.cpp, 
Event: 2.014 Thread 0x0000000002b25000 Exception <a 'java/lang/ClassNotFoundException': org/springframework/beans/factory/BeanClassLoaderAwareCustomizer> (0x00000000eb2738d8) thrown at [C:\re\workspace\8-2-build-windows-amd64-cygwin\jdk8u171\10807\hotspot\src\share\vm\classfile\systemDictionar
Event: 2.015 Thread 0x0000000002b25000 Exception <a 'java/lang/ClassNotFoundException': org/springframework/context/EnvironmentAwareCustomizer> (0x00000000eb283e90) thrown at [C:\re\workspace\8-2-build-windows-amd64-cygwin\jdk8u171\10807\hotspot\src\share\vm\classfile\systemDictionary.cpp, lin
Event: 2.352 Thread 0x0000000016e1d000 Exception <a 'java/lang/IncompatibleClassChangeError': Found class java.lang.Object, but interface was expected> (0x00000000eab2c9a8) thrown at [C:\re\workspace\8-2-build-windows-amd64-cygwin\jdk8u171\10807\hotspot\src\share\vm\interpreter\linkResolver.cp

Events (10 events):
Event: 3.514 loading class org/springframework/cglib/core/KeyFactory
Event: 3.514 loading class org/springframework/cglib/core/KeyFactory done
Event: 3.514 loading class org/springframework/cglib/core/Customizer
Event: 3.514 loading class org/springframework/cglib/core/Customizer done
Event: 3.514 loading class org/springframework/cglib/core/FieldTypeCustomizer
Event: 3.514 loading class org/springframework/cglib/core/FieldTypeCustomizer done
Event: 3.514 loading class org/springframework/cglib/core/HashCodeCustomizer
Event: 3.515 loading class org/springframework/cglib/core/HashCodeCustomizer done
Event: 3.515 loading class org/springframework/cglib/core/TypeUtils
Event: 3.515 loading class org/springframework/cglib/core/TypeUtils done


Dynamic libraries:
0x00007ff769080000 - 0x00007ff7690b7000 	C:\Program Files\Java\jdk1.8.0_171\bin\javaw.exe
0x00007ff896b20000 - 0x00007ff896ccd000 	C:\Windows\SYSTEM32\ntdll.dll
0x00007ff896780000 - 0x00007ff8968be000 	C:\Windows\system32\KERNEL32.DLL
0x00007ff894090000 - 0x00007ff8941a6000 	C:\Windows\system32\KERNELBASE.dll
0x00007ff892460000 - 0x00007ff8924ee000 	C:\Windows\system32\apphelp.dll
0x00007ff870190000 - 0x00007ff8701e4000 	C:\Windows\AppPatch\AppPatch64\AcGenral.DLL
0x00007ff895cf0000 - 0x00007ff895d9a000 	C:\Windows\system32\msvcrt.dll
0x00007ff893dd0000 - 0x00007ff893dfe000 	C:\Windows\system32\SspiCli.dll
0x00007ff895740000 - 0x00007ff895794000 	C:\Windows\system32\SHLWAPI.dll
0x00007ff895ef0000 - 0x00007ff896067000 	C:\Windows\system32\USER32.dll
0x00007ff896120000 - 0x00007ff8962b4000 	C:\Windows\system32\ole32.dll
0x00007ff8941b0000 - 0x00007ff8956db000 	C:\Windows\system32\SHELL32.dll
0x00007ff8932c0000 - 0x00007ff8932e1000 	C:\Windows\SYSTEM32\USERENV.dll
0x00007ff896070000 - 0x00007ff89611a000 	C:\Windows\system32\ADVAPI32.dll
0x00007ff8913f0000 - 0x00007ff89140e000 	C:\Windows\SYSTEM32\MPR.dll
0x00007ff895db0000 - 0x00007ff895ef0000 	C:\Windows\system32\RPCRT4.dll
0x00007ff8965f0000 - 0x00007ff896649000 	C:\Windows\SYSTEM32\sechost.dll
0x00007ff895ae0000 - 0x00007ff895cf0000 	C:\Windows\SYSTEM32\combase.dll
0x00007ff8963e0000 - 0x00007ff89652c000 	C:\Windows\system32\GDI32.dll
0x00007ff893c50000 - 0x00007ff893c65000 	C:\Windows\SYSTEM32\profapi.dll
0x00007ff892cd0000 - 0x00007ff892d82000 	C:\Windows\SYSTEM32\SHCORE.dll
0x00007ff8956e0000 - 0x00007ff895716000 	C:\Windows\system32\IMM32.DLL
0x00007ff895970000 - 0x00007ff895ac1000 	C:\Windows\system32\MSCTF.dll
0x00007ff893bc0000 - 0x00007ff893be6000 	C:\Windows\system32\vmwsci.dll
0x00007ff895ad0000 - 0x00007ff895ad7000 	C:\Windows\system32\PSAPI.DLL
0x00007ff8916a0000 - 0x00007ff89191b000 	C:\Windows\WinSxS\amd64_microsoft.windows.common-controls_6595b64144ccf1df_6.0.9600.18006_none_623f33d3ecbe86e8\COMCTL32.dll
0x0000000068000000 - 0x0000000068059000 	C:\Windows\System32\QIPCAP64.dll
0x00007ff893330000 - 0x00007ff8933d4000 	C:\Windows\SYSTEM32\DNSAPI.dll
0x00007ff896650000 - 0x00007ff8966aa000 	C:\Windows\system32\WS2_32.dll
0x00007ff895da0000 - 0x00007ff895da9000 	C:\Windows\system32\NSI.dll
0x0000000061500000 - 0x00000000615d2000 	C:\Program Files\Java\jdk1.8.0_171\jre\bin\msvcr100.dll
0x0000000060c60000 - 0x0000000061500000 	C:\Program Files\Java\jdk1.8.0_171\jre\bin\server\jvm.dll
0x00007ff88c110000 - 0x00007ff88c119000 	C:\Windows\SYSTEM32\WSOCK32.dll
0x00007ff88c0c0000 - 0x00007ff88c0e2000 	C:\Windows\SYSTEM32\WINMM.dll
0x00007ff8930c0000 - 0x00007ff8930ca000 	C:\Windows\SYSTEM32\VERSION.dll
0x00007ff88bf80000 - 0x00007ff88bfaa000 	C:\Windows\SYSTEM32\WINMMBASE.dll
0x00000000029b0000 - 0x00000000029ff000 	C:\Windows\SYSTEM32\cfgmgr32.dll
0x00007ff892700000 - 0x00007ff892728000 	C:\Windows\SYSTEM32\DEVOBJ.dll
0x0000000061640000 - 0x000000006164f000 	C:\Program Files\Java\jdk1.8.0_171\jre\bin\verify.dll
0x0000000060c30000 - 0x0000000060c59000 	C:\Program Files\Java\jdk1.8.0_171\jre\bin\java.dll
0x0000000060c10000 - 0x0000000060c26000 	C:\Program Files\Java\jdk1.8.0_171\jre\bin\zip.dll
0x0000000060c00000 - 0x0000000060c0d000 	C:\Program Files\Java\jdk1.8.0_171\jre\bin\management.dll
0x0000000060be0000 - 0x0000000060bfa000 	C:\Program Files\Java\jdk1.8.0_171\jre\bin\net.dll
0x00007ff893450000 - 0x00007ff8934a9000 	C:\Windows\system32\mswsock.dll
0x00007ff88b570000 - 0x00007ff88b585000 	C:\Windows\system32\napinsp.dll
0x00007ff88b590000 - 0x00007ff88b5aa000 	C:\Windows\system32\pnrpnsp.dll
0x00007ff8907b0000 - 0x00007ff8907cb000 	C:\Windows\system32\NLAapi.dll
0x00007ff88b5b0000 - 0x00007ff88b5bd000 	C:\Windows\System32\winrnr.dll
0x00007ff88cfa0000 - 0x00007ff88cfaa000 	C:\Windows\System32\rasadhlp.dll
0x00007ff890ad0000 - 0x00007ff890afa000 	C:\Windows\SYSTEM32\IPHLPAPI.DLL
0x00007ff891170000 - 0x00007ff89117a000 	C:\Windows\SYSTEM32\WINNSI.DLL
0x00007ff88e580000 - 0x00007ff88e5eb000 	C:\Windows\System32\fwpuclnt.dll
0x0000000060bc0000 - 0x0000000060bd1000 	C:\Program Files\Java\jdk1.8.0_171\jre\bin\nio.dll

VM Arguments:
jvm_args: -Dfile.encoding=UTF-8 -Xbootclasspath:C:\Program Files\Java\jre1.8.0_171\lib\resources.jar;C:\Program Files\Java\jre1.8.0_171\lib\rt.jar;C:\Program Files\Java\jre1.8.0_171\lib\jsse.jar;C:\Program Files\Java\jre1.8.0_171\lib\jce.jar;C:\Program Files\Java\jre1.8.0_171\lib\charsets.jar;C:\Program Files\Java\jre1.8.0_171\lib\jfr.jar;C:\Program Files\Java\jre1.8.0_171\lib\ext\access-bridge-64.jar;C:\Program Files\Java\jre1.8.0_171\lib\ext\cldrdata.jar;C:\Program Files\Java\jre1.8.0_171\lib\ext\dnsns.jar;C:\Program Files\Java\jre1.8.0_171\lib\ext\jaccess.jar;C:\Program Files\Java\jre1.8.0_171\lib\ext\jfxrt.jar;C:\Program Files\Java\jre1.8.0_171\lib\ext\localedata.jar;C:\Program Files\Java\jre1.8.0_171\lib\ext\nashorn.jar;C:\Program Files\Java\jre1.8.0_171\lib\ext\sunec.jar;C:\Program Files\Java\jre1.8.0_171\lib\ext\sunjce_provider.jar;C:\Program Files\Java\jre1.8.0_171\lib\ext\sunmscapi.jar;C:\Program Files\Java\jre1.8.0_171\lib\ext\sunpkcs11.jar;C:\Program Files\Java\jre1.8.0_171\lib\ext\zipfs.jar 
java_command: applicationPackage.Application
java_class_path (initial): D:\API\SpringBootApplication\target\classes;D:\Users\1340484\.m2\repository\org\springframework\boot\spring-boot-starter-web\2.0.5.RELEASE\spring-boot-starter-web-2.0.5.RELEASE.jar;D:\Users\1340484\.m2\repository\org\springframework\boot\spring-boot-starter\2.0.5.RELEASE\spring-boot-starter-2.0.5.RELEASE.jar;D:\Users\1340484\.m2\repository\org\springframework\boot\spring-boot\2.0.5.RELEASE\spring-boot-2.0.5.RELEASE.jar;D:\Users\1340484\.m2\repository\org\springframework\boot\spring-boot-autoconfigure\2.0.5.RELEASE\spring-boot-autoconfigure-2.0.5.RELEASE.jar;D:\Users\1340484\.m2\repository\org\springframework\boot\spring-boot-starter-logging\2.0.5.RELEASE\spring-boot-starter-logging-2.0.5.RELEASE.jar;D:\Users\1340484\.m2\repository\ch\qos\logback\logback-classic\1.2.3\logback-classic-1.2.3.jar;D:\Users\1340484\.m2\repository\ch\qos\logback\logback-core\1.2.3\logback-core-1.2.3.jar;D:\Users\1340484\.m2\repository\org\apache\logging\log4j\log4j-to-slf4j\2.10.0\log4j-to-slf4j-2.10.0.jar;D:\Users\1340484\.m2\repository\org\apache\logging\log4j\log4j-api\2.10.0\log4j-api-2.10.0.jar;D:\Users\1340484\.m2\repository\org\slf4j\jul-to-slf4j\1.7.25\jul-to-slf4j-1.7.25.jar;D:\Users\1340484\.m2\repository\javax\annotation\javax.annotation-api\1.3.2\javax.annotation-api-1.3.2.jar;D:\Users\1340484\.m2\repository\org\springframework\spring-core\5.0.9.RELEASE\spring-core-5.0.9.RELEASE.jar;D:\Users\1340484\.m2\repository\org\springframework\spring-jcl\5.0.9.RELEASE\spring-jcl-5.0.9.RELEASE.jar;D:\Users\1340484\.m2\repository\org\yaml\snakeyaml\1.19\snakeyaml-1.19.jar;D:\Users\1340484\.m2\repository\org\springframework\boot\spring-boot-starter-json\2.0.5.RELEASE\spring-boot-starter-json-2.0.5.RELEASE.jar;D:\Users\1340484\.m2\repository\com\fasterxml\jackson\core\jackson-databind\2.9.6\jackson-databind-2.9.6.jar;D:\Users\1340484\.m2\repository\com\fasterxml\jackson\core\jackson-annotations\2.9.0\jackson-annotations-2.9.0.jar;D:\Users\1340484\.m2\repository\c
Launcher Type: SUN_STANDARD

Environment Variables:
JAVA_HOME=C:\Program Files\Java\jdk1.8.0_171\bin\javac
PATH=C:/Program Files/Java/jre1.8.0_171/bin/server;C:/Program Files/Java/jre1.8.0_171/bin;C:/Program Files/Java/jre1.8.0_171/lib/amd64;C:\Program Files (x86)\Common Files\Oracle\Java\javapath;C:\Windows\system32;C:\Windows;C:\Windows\System32\Wbem;C:\Windows\System32\WindowsPowerShell\v1.0\;C:\Program Files\Common Files\ThinPrint\;C:\Program Files\nodejs\;C:\Program Files\Git\cmd;C:\Program Files\Git\mingw64\bin;C:\Program Files\Git\usr\bin;C:\Program Files (x86)\Microsoft SQL Server\Client SDK\ODBC\130\Tools\Binn\;C:\Program Files (x86)\Microsoft SQL Server\140\Tools\Binn\;C:\Program Files (x86)\Microsoft SQL Server\140\DTS\Binn\;C:\Program Files (x86)\Microsoft SQL Server\140\Tools\Binn\ManagementStudio\;D:\Users\1340484\Downloads;D:\kubectl\;D:\Users\1340484\AppData\Roaming\npm;D:\mvn\apache-maven-3.5.4\bin;C:\Program Files\Java\jdk1.8.0_171\bin;D:\eclipse;
USERNAME=1340484
OS=Windows_NT
PROCESSOR_IDENTIFIER=Intel64 Family 6 Model 79 Stepping 1, GenuineIntel



---------------  S Y S T E M  ---------------

OS: Windows 8.1 , 64 bit Build 9600 (6.3.9600.17415)

CPU:total 2 (initial active 2) (2 cores per cpu, 1 threads per core) family 6 model 79 stepping 1, cmov, cx8, fxsr, mmx, sse, sse2, sse3, ssse3, sse4.1, sse4.2, popcnt, avx, avx2, aes, clmul, erms, rtm, 3dnowpref, lzcnt, tsc, tscinvbit, bmi1, bmi2, adx

Memory: 4k page, physical 4193844k(122096k free), swap 7339572k(6892k free)

vm_info: Java HotSpot(TM) 64-Bit Server VM (25.171-b11) for windows-amd64 JRE (1.8.0_171-b11), built on Mar 28 2018 16:06:12 by "java_re" with MS VC++ 10.0 (VS2010)

time: Mon Dec 31 13:57:20 2018
elapsed time: 3 seconds (0d 0h 0m 3s)

